0 info it worked if it ends with ok
1 verbose cli [ '/usr/bin/node',
1 verbose cli   '/usr/bin/npm',
1 verbose cli   'install',
1 verbose cli   'grunt-karma@0.12.x' ]
2 info using npm@1.4.9
3 info using node@v0.10.28
4 verbose node symlink /usr/bin/node
5 warn package.json pastelglue@0.0.1 No repository field.
6 verbose readDependencies using package.json deps
7 verbose cache add [ 'grunt-karma@0.12.x', null ]
8 verbose cache add name=undefined spec="grunt-karma@0.12.x" args=["grunt-karma@0.12.x",null]
9 verbose parsed url { protocol: null,
9 verbose parsed url   slashes: null,
9 verbose parsed url   auth: null,
9 verbose parsed url   host: null,
9 verbose parsed url   port: null,
9 verbose parsed url   hostname: null,
9 verbose parsed url   hash: null,
9 verbose parsed url   search: null,
9 verbose parsed url   query: null,
9 verbose parsed url   pathname: 'grunt-karma@0.12.x',
9 verbose parsed url   path: 'grunt-karma@0.12.x',
9 verbose parsed url   href: 'grunt-karma@0.12.x' }
10 verbose cache add name="grunt-karma" spec="0.12.x" args=["grunt-karma","0.12.x"]
11 verbose parsed url { protocol: null,
11 verbose parsed url   slashes: null,
11 verbose parsed url   auth: null,
11 verbose parsed url   host: null,
11 verbose parsed url   port: null,
11 verbose parsed url   hostname: null,
11 verbose parsed url   hash: null,
11 verbose parsed url   search: null,
11 verbose parsed url   query: null,
11 verbose parsed url   pathname: '0.12.x',
11 verbose parsed url   path: '0.12.x',
11 verbose parsed url   href: '0.12.x' }
12 verbose addNamed [ 'grunt-karma', '0.12.x' ]
13 verbose addNamed [ null, '>=0.12.0-0 <0.13.0-0' ]
14 silly lockFile 54bbf437-grunt-karma-0-12-x grunt-karma@0.12.x
15 verbose lock grunt-karma@0.12.x /home/kincjf/.npm/54bbf437-grunt-karma-0-12-x.lock
16 silly addNameRange { name: 'grunt-karma',
16 silly addNameRange   range: '>=0.12.0-0 <0.13.0-0',
16 silly addNameRange   hasData: false }
17 verbose url raw grunt-karma
18 verbose url resolving [ 'https://registry.npmjs.org/', './grunt-karma' ]
19 verbose url resolved https://registry.npmjs.org/grunt-karma
20 info trying registry request attempt 1 at 06:31:27
21 verbose etag "5UJ5BXN8E1I65KAK6F9Z49Y8A"
22 http GET https://registry.npmjs.org/grunt-karma
23 http 304 https://registry.npmjs.org/grunt-karma
24 silly registry.get cb [ 304,
24 silly registry.get   { date: 'Fri, 13 Jun 2014 21:31:33 GMT',
24 silly registry.get     server: 'Apache',
24 silly registry.get     via: '1.1 varnish',
24 silly registry.get     'last-modified': 'Fri, 13 Jun 2014 21:31:13 GMT',
24 silly registry.get     'cache-control': 'max-age=30',
24 silly registry.get     etag: '"5UJ5BXN8E1I65KAK6F9Z49Y8A"',
24 silly registry.get     'x-served-by': 'cache-ty66-TYO',
24 silly registry.get     'x-cache': 'HIT',
24 silly registry.get     'x-cache-hits': '2',
24 silly registry.get     'x-timer': 'S1402695093.520685,VS0,VE0',
24 silly registry.get     vary: 'Accept',
24 silly registry.get     'content-length': '0',
24 silly registry.get     'keep-alive': 'timeout=10, max=50',
24 silly registry.get     connection: 'Keep-Alive' } ]
25 verbose etag grunt-karma from cache
26 silly addNameRange number 2 { name: 'grunt-karma',
26 silly addNameRange   range: '>=0.12.0-0 <0.13.0-0',
26 silly addNameRange   hasData: true }
27 silly addNameRange versions [ 'grunt-karma',
27 silly addNameRange   [ '0.3.0',
27 silly addNameRange     '0.4.0',
27 silly addNameRange     '0.4.1',
27 silly addNameRange     '0.4.2',
27 silly addNameRange     '0.4.3',
27 silly addNameRange     '0.4.4',
27 silly addNameRange     '0.5.0',
27 silly addNameRange     '0.4.5',
27 silly addNameRange     '0.5.1',
27 silly addNameRange     '0.5.2',
27 silly addNameRange     '0.4.6',
27 silly addNameRange     '0.5.3',
27 silly addNameRange     '0.5.4',
27 silly addNameRange     '0.6.0',
27 silly addNameRange     '0.6.1',
27 silly addNameRange     '0.7.0',
27 silly addNameRange     '0.6.2',
27 silly addNameRange     '0.7.1',
27 silly addNameRange     '0.7.2',
27 silly addNameRange     '0.7.3',
27 silly addNameRange     '0.8.0',
27 silly addNameRange     '0.8.1',
27 silly addNameRange     '0.8.2',
27 silly addNameRange     '0.8.3' ] ]
28 silly lockFile 54bbf437-grunt-karma-0-12-x grunt-karma@0.12.x
29 silly lockFile 54bbf437-grunt-karma-0-12-x grunt-karma@0.12.x
30 error notarget No compatible version found: grunt-karma@'>=0.12.0-0 <0.13.0-0'
30 error notarget Valid install targets:
30 error notarget ["0.5.0","0.5.1","0.5.3","0.5.4","0.7.0","0.7.1","0.7.2","0.7.3","0.3.0","0.4.0","0.4.1","0.4.2","0.4.3","0.4.4","0.5.0","0.4.5","0.5.1","0.5.2","0.4.6","0.5.3","0.5.4","0.6.0","0.6.1","0.7.0","0.6.2","0.7.1","0.7.2","0.7.3","0.8.0","0.8.1","0.8.2","0.8.3"]
30 error notarget
30 error notarget This is most likely not a problem with npm itself.
30 error notarget In most cases you or one of your dependencies are requesting
30 error notarget a package version that doesn't exist.
31 error System Linux 3.13.0-24-generic
32 error command "/usr/bin/node" "/usr/bin/npm" "install" "grunt-karma@0.12.x"
33 error cwd /var/lib/tomcat7/webapps/pastelglue
34 error node -v v0.10.28
35 error npm -v 1.4.9
36 error code ETARGET
37 verbose exit [ 1, true ]
